# JRE version: OpenJDK Runtime Environment Microsoft-11933218 (21.0.8+9) (build 21.0.8+9-LTS)
# Java VM: OpenJDK 64-Bit Server VM Microsoft-11933218 (21.0.8+9-LTS, mixed mode, sharing, tiered, compressed oops, compressed class ptrs, g1 gc, windows-amd64)
GC Precious Log:
 CardTable entry size: 512
 Card Set container configuration: InlinePtr #cards 5 size 8 Array Of Cards #cards 12 size 40 Howl #buckets 4 coarsen threshold 1843 Howl Bitmap #cards 512 size 80 coarsen threshold 460 Card regions per heap region 1 cards per card region 2048
 CPUs: 12 total, 12 available
 Memory: 15724M
 Large Page Support: Disabled
 NUMA Support: Disabled
 Compressed Oops: Enabled (32-bit)
 Heap Region Size: 1M
 Heap Min Capacity: 256M
 Heap Initial Capacity: 256M
 Heap Max Capacity: 512M
 Pre-touch: Disabled
 Parallel Workers: 10
 Concurrent Workers: 3
 Concurrent Refinement Workers: 10
 Periodic GC: Disabled
Heap:
 garbage-first heap   total 262144K, used 85942K [0x00000000e0000000, 0x0000000100000000)
  region size 1024K, 54 young (55296K), 10 survivors (10240K)
 Metaspace       used 55892K, committed 57792K, reserved 393216K
  class space    used 8148K, committed 9088K, reserved 327680K
GC Heap History (16 events):
Event: 2.390 GC heap before
{Heap before GC invocations=0 (full 0):
 garbage-first heap   total 262144K, used 22528K [0x00000000e0000000, 0x0000000100000000)
  region size 1024K, 23 young (23552K), 0 survivors (0K)
 Metaspace       used 931K, committed 1088K, reserved 393216K
  class space    used 72K, committed 128K, reserved 327680K
}
Event: 3.139 GC heap after
{Heap after GC invocations=1 (full 0):
 garbage-first heap   total 262144K, used 1663K [0x00000000e0000000, 0x0000000100000000)
  region size 1024K, 2 young (2048K), 2 survivors (2048K)
 Metaspace       used 931K, committed 1088K, reserved 393216K
  class space    used 72K, committed 128K, reserved 327680K
}
Event: 7.234 GC heap before
{Heap before GC invocations=1 (full 0):
 garbage-first heap   total 262144K, used 40575K [0x00000000e0000000, 0x0000000100000000)
  region size 1024K, 38 young (38912K), 2 survivors (2048K)
 Metaspace       used 4429K, committed 4608K, reserved 393216K
  class space    used 555K, committed 640K, reserved 327680K
}
Event: 7.239 GC heap after
{Heap after GC invocations=2 (full 0):
 garbage-first heap   total 262144K, used 11189K [0x00000000e0000000, 0x0000000100000000)
  region size 1024K, 5 young (5120K), 5 survivors (5120K)
 Metaspace       used 4429K, committed 4608K, reserved 393216K
  class space    used 555K, committed 640K, reserved 327680K
}
Event: 11.077 GC heap before
{Heap before GC invocations=2 (full 0):
 garbage-first heap   total 262144K, used 64437K [0x00000000e0000000, 0x0000000100000000)
  region size 1024K, 55 young (56320K), 5 survivors (5120K)
 Metaspace       used 5652K, committed 5888K, reserved 393216K
  class space    used 759K, committed 896K, reserved 327680K
}
Event: 11.082 GC heap after
{Heap after GC invocations=3 (full 0):
 garbage-first heap   total 262144K, used 17426K [0x00000000e0000000, 0x0000000100000000)
  region size 1024K, 6 young (6144K), 6 survivors (6144K)
 Metaspace       used 5652K, committed 5888K, reserved 393216K
  class space    used 759K, committed 896K, reserved 327680K
}
Event: 33.253 GC heap before
{Heap before GC invocations=3 (full 0):
 garbage-first heap   total 262144K, used 108562K [0x00000000e0000000, 0x0000000100000000)
  region size 1024K, 96 young (98304K), 6 survivors (6144K)
 Metaspace       used 20921K, committed 21504K, reserved 393216K
  class space    used 3064K, committed 3328K, reserved 327680K
}
Event: 33.265 GC heap after
{Heap after GC invocations=4 (full 0):
 garbage-first heap   total 262144K, used 24256K [0x00000000e0000000, 0x0000000100000000)
  region size 1024K, 12 young (12288K), 12 survivors (12288K)
 Metaspace       used 20921K, committed 21504K, reserved 393216K
  class space    used 3064K, committed 3328K, reserved 327680K
}
Event: 142.089 GC heap before
{Heap before GC invocations=5 (full 0):
 garbage-first heap   total 262144K, used 155328K [0x00000000e0000000, 0x0000000100000000)
  region size 1024K, 136 young (139264K), 12 survivors (12288K)
 Metaspace       used 35651K, committed 36672K, reserved 393216K
  class space    used 4952K, committed 5440K, reserved 327680K
}
Event: 143.407 GC heap after
{Heap after GC invocations=6 (full 0):
 garbage-first heap   total 262144K, used 33091K [0x00000000e0000000, 0x0000000100000000)
  region size 1024K, 16 young (16384K), 16 survivors (16384K)
 Metaspace       used 35651K, committed 36672K, reserved 393216K
  class space    used 4952K, committed 5440K, reserved 327680K
}
Event: 218.576 GC heap before
{Heap before GC invocations=6 (full 0):
 garbage-first heap   total 262144K, used 64835K [0x00000000e0000000, 0x0000000100000000)
  region size 1024K, 47 young (48128K), 16 survivors (16384K)
 Metaspace       used 37450K, committed 38656K, reserved 393216K
  class space    used 5245K, committed 5824K, reserved 327680K
}
Event: 218.734 GC heap after
{Heap after GC invocations=7 (full 0):
 garbage-first heap   total 262144K, used 34771K [0x00000000e0000000, 0x0000000100000000)
  region size 1024K, 3 young (3072K), 3 survivors (3072K)
 Metaspace       used 37450K, committed 38656K, reserved 393216K
  class space    used 5245K, committed 5824K, reserved 327680K
}
Event: 219.400 GC heap before
{Heap before GC invocations=7 (full 0):
 garbage-first heap   total 262144K, used 49107K [0x00000000e0000000, 0x0000000100000000)
  region size 1024K, 18 young (18432K), 3 survivors (3072K)
 Metaspace       used 39019K, committed 40256K, reserved 393216K
  class space    used 5513K, committed 6080K, reserved 327680K
}
Event: 219.404 GC heap after
{Heap after GC invocations=8 (full 0):
 garbage-first heap   total 262144K, used 34420K [0x00000000e0000000, 0x0000000100000000)
  region size 1024K, 3 young (3072K), 3 survivors (3072K)
 Metaspace       used 39019K, committed 40256K, reserved 393216K
  class space    used 5513K, committed 6080K, reserved 327680K
}
Event: 232.233 GC heap before
{Heap before GC invocations=9 (full 0):
 garbage-first heap   total 262144K, used 189044K [0x00000000e0000000, 0x0000000100000000)
  region size 1024K, 153 young (156672K), 3 survivors (3072K)
 Metaspace       used 54646K, committed 56576K, reserved 393216K
  class space    used 7961K, committed 8896K, reserved 327680K
}
Event: 232.242 GC heap after
{Heap after GC invocations=10 (full 0):
 garbage-first heap   total 262144K, used 41910K [0x00000000e0000000, 0x0000000100000000)
  region size 1024K, 10 young (10240K), 10 survivors (10240K)
 Metaspace       used 54646K, committed 56576K, reserved 393216K
  class space    used 7961K, committed 8896K, reserved 327680K
}

