# JRE version: OpenJDK Runtime Environment Microsoft-11933218 (21.0.8+9) (build 21.0.8+9-LTS)
# Java VM: OpenJDK 64-Bit Server VM Microsoft-11933218 (21.0.8+9-LTS, mixed mode, sharing, tiered, compressed oops, compressed class ptrs, g1 gc, windows-amd64)
GC Precious Log:
 CardTable entry size: 512
 Card Set container configuration: InlinePtr #cards 5 size 8 Array Of Cards #cards 12 size 40 Howl #buckets 4 coarsen threshold 1843 Howl Bitmap #cards 512 size 80 coarsen threshold 460 Card regions per heap region 1 cards per card region 2048
 CPUs: 12 total, 12 available
 Memory: 15724M
 Large Page Support: Disabled
 NUMA Support: Disabled
 Compressed Oops: Enabled (32-bit)
 Heap Region Size: 1M
 Heap Min Capacity: 256M
 Heap Initial Capacity: 256M
 Heap Max Capacity: 512M
 Pre-touch: Disabled
 Parallel Workers: 10
 Concurrent Workers: 3
 Concurrent Refinement Workers: 10
 Periodic GC: Disabled
Heap:
 garbage-first heap   total 262144K, used 57502K [0x00000000e0000000, 0x0000000100000000)
  region size 1024K, 34 young (34816K), 16 survivors (16384K)
 Metaspace       used 50966K, committed 52736K, reserved 393216K
  class space    used 7364K, committed 8256K, reserved 327680K
GC Heap History (16 events):
Event: 1.910 GC heap before
{Heap before GC invocations=0 (full 0):
 garbage-first heap   total 262144K, used 22528K [0x00000000e0000000, 0x0000000100000000)
  region size 1024K, 23 young (23552K), 0 survivors (0K)
 Metaspace       used 1028K, committed 1152K, reserved 393216K
  class space    used 79K, committed 128K, reserved 327680K
}
Event: 4.949 GC heap after
{Heap after GC invocations=1 (full 0):
 garbage-first heap   total 262144K, used 1770K [0x00000000e0000000, 0x0000000100000000)
  region size 1024K, 2 young (2048K), 2 survivors (2048K)
 Metaspace       used 1028K, committed 1152K, reserved 393216K
  class space    used 79K, committed 128K, reserved 327680K
}
Event: 6.776 GC heap before
{Heap before GC invocations=1 (full 0):
 garbage-first heap   total 262144K, used 40682K [0x00000000e0000000, 0x0000000100000000)
  region size 1024K, 38 young (38912K), 2 survivors (2048K)
 Metaspace       used 4399K, committed 4544K, reserved 393216K
  class space    used 556K, committed 640K, reserved 327680K
}
Event: 6.781 GC heap after
{Heap after GC invocations=2 (full 0):
 garbage-first heap   total 262144K, used 11047K [0x00000000e0000000, 0x0000000100000000)
  region size 1024K, 5 young (5120K), 5 survivors (5120K)
 Metaspace       used 4399K, committed 4544K, reserved 393216K
  class space    used 556K, committed 640K, reserved 327680K
}
Event: 8.176 GC heap before
{Heap before GC invocations=2 (full 0):
 garbage-first heap   total 262144K, used 63271K [0x00000000e0000000, 0x0000000100000000)
  region size 1024K, 55 young (56320K), 5 survivors (5120K)
 Metaspace       used 5641K, committed 5888K, reserved 393216K
  class space    used 760K, committed 896K, reserved 327680K
}
Event: 8.182 GC heap after
{Heap after GC invocations=3 (full 0):
 garbage-first heap   total 262144K, used 17331K [0x00000000e0000000, 0x0000000100000000)
  region size 1024K, 5 young (5120K), 5 survivors (5120K)
 Metaspace       used 5641K, committed 5888K, reserved 393216K
  class space    used 760K, committed 896K, reserved 327680K
}
Event: 26.154 GC heap before
{Heap before GC invocations=3 (full 0):
 garbage-first heap   total 262144K, used 108467K [0x00000000e0000000, 0x0000000100000000)
  region size 1024K, 95 young (97280K), 5 survivors (5120K)
 Metaspace       used 20913K, committed 21504K, reserved 393216K
  class space    used 3066K, committed 3328K, reserved 327680K
}
Event: 26.301 GC heap after
{Heap after GC invocations=4 (full 0):
 garbage-first heap   total 262144K, used 24124K [0x00000000e0000000, 0x0000000100000000)
  region size 1024K, 12 young (12288K), 12 survivors (12288K)
 Metaspace       used 20913K, committed 21504K, reserved 393216K
  class space    used 3066K, committed 3328K, reserved 327680K
}
Event: 180.482 GC heap before
{Heap before GC invocations=5 (full 0):
 garbage-first heap   total 262144K, used 152124K [0x00000000e0000000, 0x0000000100000000)
  region size 1024K, 138 young (141312K), 12 survivors (12288K)
 Metaspace       used 34383K, committed 35456K, reserved 393216K
  class space    used 4895K, committed 5440K, reserved 327680K
}
Event: 180.548 GC heap after
{Heap after GC invocations=6 (full 0):
 garbage-first heap   total 262144K, used 32408K [0x00000000e0000000, 0x0000000100000000)
  region size 1024K, 15 young (15360K), 15 survivors (15360K)
 Metaspace       used 34383K, committed 35456K, reserved 393216K
  class space    used 4895K, committed 5440K, reserved 327680K
}
Event: 180.629 GC heap before
{Heap before GC invocations=6 (full 0):
 garbage-first heap   total 262144K, used 39576K [0x00000000e0000000, 0x0000000100000000)
  region size 1024K, 19 young (19456K), 15 survivors (15360K)
 Metaspace       used 34959K, committed 35968K, reserved 393216K
  class space    used 4903K, committed 5440K, reserved 327680K
}
Event: 180.644 GC heap after
{Heap after GC invocations=7 (full 0):
 garbage-first heap   total 262144K, used 34673K [0x00000000e0000000, 0x0000000100000000)
  region size 1024K, 9 young (9216K), 9 survivors (9216K)
 Metaspace       used 34959K, committed 35968K, reserved 393216K
  class space    used 4903K, committed 5440K, reserved 327680K
}
Event: 180.685 GC heap before
{Heap before GC invocations=7 (full 0):
 garbage-first heap   total 262144K, used 35697K [0x00000000e0000000, 0x0000000100000000)
  region size 1024K, 11 young (11264K), 9 survivors (9216K)
 Metaspace       used 35300K, committed 36288K, reserved 393216K
  class space    used 4923K, committed 5440K, reserved 327680K
}
Event: 180.696 GC heap after
{Heap after GC invocations=8 (full 0):
 garbage-first heap   total 262144K, used 32246K [0x00000000e0000000, 0x0000000100000000)
  region size 1024K, 9 young (9216K), 9 survivors (9216K)
 Metaspace       used 35300K, committed 36288K, reserved 393216K
  class space    used 4923K, committed 5440K, reserved 327680K
}
Event: 215.902 GC heap before
{Heap before GC invocations=9 (full 0):
 garbage-first heap   total 262144K, used 180726K [0x00000000e0000000, 0x0000000100000000)
  region size 1024K, 153 young (156672K), 9 survivors (9216K)
 Metaspace       used 50640K, committed 52352K, reserved 393216K
  class space    used 7338K, committed 8192K, reserved 327680K
}
Event: 215.914 GC heap after
{Heap after GC invocations=10 (full 0):
 garbage-first heap   total 262144K, used 40094K [0x00000000e0000000, 0x0000000100000000)
  region size 1024K, 16 young (16384K), 16 survivors (16384K)
 Metaspace       used 50640K, committed 52352K, reserved 393216K
  class space    used 7338K, committed 8192K, reserved 327680K
}

