# JRE version: OpenJDK Runtime Environment Microsoft-11933218 (21.0.8+9) (build 21.0.8+9-LTS)
# Java VM: OpenJDK 64-Bit Server VM Microsoft-11933218 (21.0.8+9-LTS, mixed mode, sharing, tiered, compressed oops, compressed class ptrs, g1 gc, windows-amd64)
GC Precious Log:
 CardTable entry size: 512
 Card Set container configuration: InlinePtr #cards 5 size 8 Array Of Cards #cards 12 size 40 Howl #buckets 4 coarsen threshold 1843 Howl Bitmap #cards 512 size 80 coarsen threshold 460 Card regions per heap region 1 cards per card region 2048
 CPUs: 12 total, 12 available
 Memory: 15724M
 Large Page Support: Disabled
 NUMA Support: Disabled
 Compressed Oops: Enabled (32-bit)
 Heap Region Size: 1M
 Heap Min Capacity: 256M
 Heap Initial Capacity: 256M
 Heap Max Capacity: 512M
 Pre-touch: Disabled
 Parallel Workers: 10
 Concurrent Workers: 3
 Concurrent Refinement Workers: 10
 Periodic GC: Disabled
Heap:
 garbage-first heap   total 262144K, used 53400K [0x00000000e0000000, 0x0000000100000000)
  region size 1024K, 31 young (31744K), 16 survivors (16384K)
 Metaspace       used 50972K, committed 52736K, reserved 393216K
  class space    used 7389K, committed 8256K, reserved 327680K
GC Heap History (16 events):
Event: 0.654 GC heap before
{Heap before GC invocations=0 (full 0):
 garbage-first heap   total 262144K, used 22528K [0x00000000e0000000, 0x0000000100000000)
  region size 1024K, 23 young (23552K), 0 survivors (0K)
 Metaspace       used 935K, committed 1088K, reserved 393216K
  class space    used 72K, committed 128K, reserved 327680K
}
Event: 0.658 GC heap after
{Heap after GC invocations=1 (full 0):
 garbage-first heap   total 262144K, used 1663K [0x00000000e0000000, 0x0000000100000000)
  region size 1024K, 2 young (2048K), 2 survivors (2048K)
 Metaspace       used 935K, committed 1088K, reserved 393216K
  class space    used 72K, committed 128K, reserved 327680K
}
Event: 1.753 GC heap before
{Heap before GC invocations=1 (full 0):
 garbage-first heap   total 262144K, used 40575K [0x00000000e0000000, 0x0000000100000000)
  region size 1024K, 38 young (38912K), 2 survivors (2048K)
 Metaspace       used 4435K, committed 4608K, reserved 393216K
  class space    used 556K, committed 640K, reserved 327680K
}
Event: 1.757 GC heap after
{Heap after GC invocations=2 (full 0):
 garbage-first heap   total 262144K, used 10975K [0x00000000e0000000, 0x0000000100000000)
  region size 1024K, 5 young (5120K), 5 survivors (5120K)
 Metaspace       used 4435K, committed 4608K, reserved 393216K
  class space    used 556K, committed 640K, reserved 327680K
}
Event: 2.785 GC heap before
{Heap before GC invocations=2 (full 0):
 garbage-first heap   total 262144K, used 64223K [0x00000000e0000000, 0x0000000100000000)
  region size 1024K, 55 young (56320K), 5 survivors (5120K)
 Metaspace       used 5521K, committed 5696K, reserved 393216K
  class space    used 737K, committed 832K, reserved 327680K
}
Event: 2.789 GC heap after
{Heap after GC invocations=3 (full 0):
 garbage-first heap   total 262144K, used 16898K [0x00000000e0000000, 0x0000000100000000)
  region size 1024K, 5 young (5120K), 5 survivors (5120K)
 Metaspace       used 5521K, committed 5696K, reserved 393216K
  class space    used 737K, committed 832K, reserved 327680K
}
Event: 5.957 GC heap before
{Heap before GC invocations=3 (full 0):
 garbage-first heap   total 262144K, used 108034K [0x00000000e0000000, 0x0000000100000000)
  region size 1024K, 95 young (97280K), 5 survivors (5120K)
 Metaspace       used 20844K, committed 21504K, reserved 393216K
  class space    used 3067K, committed 3328K, reserved 327680K
}
Event: 5.964 GC heap after
{Heap after GC invocations=4 (full 0):
 garbage-first heap   total 262144K, used 24280K [0x00000000e0000000, 0x0000000100000000)
  region size 1024K, 12 young (12288K), 12 survivors (12288K)
 Metaspace       used 20844K, committed 21504K, reserved 393216K
  class space    used 3067K, committed 3328K, reserved 327680K
}
Event: 10.660 GC heap before
{Heap before GC invocations=5 (full 0):
 garbage-first heap   total 262144K, used 133848K [0x00000000e0000000, 0x0000000100000000)
  region size 1024K, 116 young (118784K), 12 survivors (12288K)
 Metaspace       used 34913K, committed 35968K, reserved 393216K
  class space    used 4901K, committed 5440K, reserved 327680K
}
Event: 10.671 GC heap after
{Heap after GC invocations=6 (full 0):
 garbage-first heap   total 262144K, used 34992K [0x00000000e0000000, 0x0000000100000000)
  region size 1024K, 16 young (16384K), 16 survivors (16384K)
 Metaspace       used 34913K, committed 35968K, reserved 393216K
  class space    used 4901K, committed 5440K, reserved 327680K
}
Event: 10.825 GC heap before
{Heap before GC invocations=6 (full 0):
 garbage-first heap   total 262144K, used 37040K [0x00000000e0000000, 0x0000000100000000)
  region size 1024K, 19 young (19456K), 16 survivors (16384K)
 Metaspace       used 35268K, committed 36288K, reserved 393216K
  class space    used 4936K, committed 5440K, reserved 327680K
}
Event: 10.835 GC heap after
{Heap after GC invocations=7 (full 0):
 garbage-first heap   total 262144K, used 32719K [0x00000000e0000000, 0x0000000100000000)
  region size 1024K, 9 young (9216K), 9 survivors (9216K)
 Metaspace       used 35268K, committed 36288K, reserved 393216K
  class space    used 4936K, committed 5440K, reserved 327680K
}
Event: 11.640 GC heap before
{Heap before GC invocations=7 (full 0):
 garbage-first heap   total 262144K, used 37839K [0x00000000e0000000, 0x0000000100000000)
  region size 1024K, 15 young (15360K), 9 survivors (9216K)
 Metaspace       used 35546K, committed 36608K, reserved 393216K
  class space    used 4969K, committed 5504K, reserved 327680K
}
Event: 11.645 GC heap after
{Heap after GC invocations=8 (full 0):
 garbage-first heap   total 262144K, used 32593K [0x00000000e0000000, 0x0000000100000000)
  region size 1024K, 9 young (9216K), 9 survivors (9216K)
 Metaspace       used 35546K, committed 36608K, reserved 393216K
  class space    used 4969K, committed 5504K, reserved 327680K
}
Event: 227.104 GC heap before
{Heap before GC invocations=9 (full 0):
 garbage-first heap   total 262144K, used 181073K [0x00000000e0000000, 0x0000000100000000)
  region size 1024K, 153 young (156672K), 9 survivors (9216K)
 Metaspace       used 49927K, committed 51648K, reserved 393216K
  class space    used 7196K, committed 8064K, reserved 327680K
}
Event: 227.314 GC heap after
{Heap after GC invocations=10 (full 0):
 garbage-first heap   total 262144K, used 39064K [0x00000000e0000000, 0x0000000100000000)
  region size 1024K, 16 young (16384K), 16 survivors (16384K)
 Metaspace       used 49927K, committed 51648K, reserved 393216K
  class space    used 7196K, committed 8064K, reserved 327680K
}

